Traceback (most recent call last):
  File "<frozen runpy>", line 198, in _run_module_as_main
  File "<frozen runpy>", line 88, in _run_code
  File "/data/data/com.termux/files/usr/lib/python3.11/http/server.py", line 1309, in <module>
    test(
  File "/data/data/com.termux/files/usr/lib/python3.11/http/server.py", line 1256, in test
    with ServerClass(addr, HandlerClass) as httpd:
         ^^^^^^^^^^^^^^^^^^^^^^^^^^^^^^^
  File "/data/data/com.termux/files/usr/lib/python3.11/socketserver.py", line 456, in __init__
    self.server_bind()
  File "/data/data/com.termux/files/usr/lib/python3.11/http/server.py", line 1303, in server_bind
    return super().server_bind()
           ^^^^^^^^^^^^^^^^^^^^^
  File "/data/data/com.termux/files/usr/lib/python3.11/http/server.py", line 136, in server_bind
    socketserver.TCPServer.server_bind(self)
  File "/data/data/com.termux/files/usr/lib/python3.11/socketserver.py", line 472, in server_bind
    self.socket.bind(self.server_address)
OSError: [Errno 98] Address already in use
Traceback (most recent call last):
  File "<frozen runpy>", line 198, in _run_module_as_main
  File "<frozen runpy>", line 88, in _run_code
  File "/data/data/com.termux/files/usr/lib/python3.11/http/server.py", line 1309, in <module>
    test(
  File "/data/data/com.termux/files/usr/lib/python3.11/http/server.py", line 1256, in test
    with ServerClass(addr, HandlerClass) as httpd:
         ^^^^^^^^^^^^^^^^^^^^^^^^^^^^^^^
  File "/data/data/com.termux/files/usr/lib/python3.11/socketserver.py", line 456, in __init__
    self.server_bind()
  File "/data/data/com.termux/files/usr/lib/python3.11/http/server.py", line 1303, in server_bind
    return super().server_bind()
           ^^^^^^^^^^^^^^^^^^^^^
  File "/data/data/com.termux/files/usr/lib/python3.11/http/server.py", line 136, in server_bind
    socketserver.TCPServer.server_bind(self)
  File "/data/data/com.termux/files/usr/lib/python3.11/socketserver.py", line 472, in server_bind
    self.socket.bind(self.server_address)
OSError: [Errno 98] Address already in use
::1 - - [04/Jul/2024 08:59:17] "GET / HTTP/1.1" 304 -
::1 - - [04/Jul/2024 08:59:20] "GET / HTTP/1.1" 304 -
